  main.cpp
C:\Users\Maxim\source\repos\Calendar2\Calendar2\main.cpp(7,10): warning C4067: непредвиденные лексемы за директивой препроцессора, требуется newline
C:\Users\Maxim\source\repos\Calendar2\Calendar2\main.cpp(8,10): warning C4067: непредвиденные лексемы за директивой препроцессора, требуется newline
C:\Users\Maxim\source\repos\Calendar2\Calendar2\main.cpp(23,10): warning C4067: непредвиденные лексемы за директивой препроцессора, требуется newline
C:\Users\Maxim\source\repos\Calendar2\Calendar2\FormSFML.h(30,32): warning C4244: аргумент: преобразование "double" в "float", возможна потеря данных
C:\Users\Maxim\source\repos\Calendar2\Calendar2\FormSFML.h(30,29): warning C4244: аргумент: преобразование "double" в "float", возможна потеря данных
C:\Users\Maxim\source\repos\Calendar2\Calendar2\FormSFML.h(57,32): warning C4244: аргумент: преобразование "double" в "float", возможна потеря данных
C:\Users\Maxim\source\repos\Calendar2\Calendar2\FormSFML.h(57,29): warning C4244: аргумент: преобразование "double" в "float", возможна потеря данных
C:\Users\Maxim\source\repos\Calendar2\Calendar2\FormSFML.h(59,41): warning C4244: аргумент: преобразование "double" в "T", возможна потеря данных
C:\Users\Maxim\source\repos\Calendar2\Calendar2\FormSFML.h(59,41): warning C4244:         with
C:\Users\Maxim\source\repos\Calendar2\Calendar2\FormSFML.h(59,41): warning C4244:         [
C:\Users\Maxim\source\repos\Calendar2\Calendar2\FormSFML.h(59,41): warning C4244:             T=float
C:\Users\Maxim\source\repos\Calendar2\Calendar2\FormSFML.h(59,41): warning C4244:         ]
C:\Users\Maxim\source\repos\Calendar2\Calendar2\FormSFML.h(59,34): warning C4244: аргумент: преобразование "double" в "T", возможна потеря данных
C:\Users\Maxim\source\repos\Calendar2\Calendar2\FormSFML.h(59,34): warning C4244:         with
C:\Users\Maxim\source\repos\Calendar2\Calendar2\FormSFML.h(59,34): warning C4244:         [
C:\Users\Maxim\source\repos\Calendar2\Calendar2\FormSFML.h(59,34): warning C4244:             T=float
C:\Users\Maxim\source\repos\Calendar2\Calendar2\FormSFML.h(59,34): warning C4244:         ]
C:\Users\Maxim\source\repos\Calendar2\Calendar2\FormSFML.h(60,32): warning C4244: аргумент: преобразование "double" в "float", возможна потеря данных
C:\Users\Maxim\source\repos\Calendar2\Calendar2\FormSFML.h(60,29): warning C4244: аргумент: преобразование "double" в "float", возможна потеря данных
C:\Users\Maxim\source\repos\Calendar2\Calendar2\FormSFML.h(106,32): warning C4244: аргумент: преобразование "double" в "float", возможна потеря данных
C:\Users\Maxim\source\repos\Calendar2\Calendar2\FormSFML.h(106,29): warning C4244: аргумент: преобразование "double" в "float", возможна потеря данных
C:\Users\Maxim\source\repos\Calendar2\Calendar2\FormSFML.h(108,41): warning C4244: аргумент: преобразование "double" в "T", возможна потеря данных
C:\Users\Maxim\source\repos\Calendar2\Calendar2\FormSFML.h(108,41): warning C4244:         with
C:\Users\Maxim\source\repos\Calendar2\Calendar2\FormSFML.h(108,41): warning C4244:         [
C:\Users\Maxim\source\repos\Calendar2\Calendar2\FormSFML.h(108,41): warning C4244:             T=float
C:\Users\Maxim\source\repos\Calendar2\Calendar2\FormSFML.h(108,41): warning C4244:         ]
C:\Users\Maxim\source\repos\Calendar2\Calendar2\FormSFML.h(108,34): warning C4244: аргумент: преобразование "double" в "T", возможна потеря данных
C:\Users\Maxim\source\repos\Calendar2\Calendar2\FormSFML.h(108,34): warning C4244:         with
C:\Users\Maxim\source\repos\Calendar2\Calendar2\FormSFML.h(108,34): warning C4244:         [
C:\Users\Maxim\source\repos\Calendar2\Calendar2\FormSFML.h(108,34): warning C4244:             T=float
C:\Users\Maxim\source\repos\Calendar2\Calendar2\FormSFML.h(108,34): warning C4244:         ]
C:\Users\Maxim\source\repos\Calendar2\Calendar2\FormSFML.h(109,32): warning C4244: аргумент: преобразование "double" в "float", возможна потеря данных
C:\Users\Maxim\source\repos\Calendar2\Calendar2\FormSFML.h(109,29): warning C4244: аргумент: преобразование "double" в "float", возможна потеря данных
C:\Users\Maxim\source\repos\Calendar2\Calendar2\Note.h(8,10): warning C4067: непредвиденные лексемы за директивой препроцессора, требуется newline
C:\Users\Maxim\source\repos\Calendar2\Calendar2\safe_notepad.h(2,10): warning C4067: непредвиденные лексемы за директивой препроцессора, требуется newline
C:\Users\Maxim\source\repos\Calendar2\Calendar2\safe_notepad.h(3,10): warning C4067: непредвиденные лексемы за директивой препроцессора, требуется newline
C:\Users\Maxim\source\repos\Calendar2\Calendar2\main.cpp(24,10): warning C4067: непредвиденные лексемы за директивой препроцессора, требуется newline
C:\Users\Maxim\source\repos\Calendar2\Calendar2\List_of_note.h(130,31): warning C4018: <=: несоответствие типов со знаком и без знака
C:\Users\Maxim\source\repos\Calendar2\Calendar2\List_of_note.h(142,52): warning C4244: аргумент: преобразование "int" в "float", возможна потеря данных
C:\Users\Maxim\source\repos\Calendar2\Calendar2\List_of_note.h(148,52): warning C4244: аргумент: преобразование "int" в "float", возможна потеря данных
C:\Users\Maxim\source\repos\Calendar2\Calendar2\List_of_note.h(44,7): warning C4102: sf: неиспользованная метка
C:\Users\Maxim\source\repos\Calendar2\Calendar2\main.cpp(70,91): warning C4244: аргумент: преобразование "int" в "float", возможна потеря данных
C:\Users\Maxim\source\repos\Calendar2\Calendar2\main.cpp(70,58): warning C4244: аргумент: преобразование "int" в "float", возможна потеря данных
C:\Users\Maxim\source\repos\Calendar2\Calendar2\main.cpp(89,25): warning C4018: <: несоответствие типов со знаком и без знака
C:\Users\Maxim\source\repos\Calendar2\Calendar2\main.cpp(223,33): warning C4244: аргумент: преобразование "int" в "float", возможна потеря данных
C:\Users\Maxim\source\repos\Calendar2\Calendar2\main.cpp(266,43): warning C4244: аргумент: преобразование "int" в "float", возможна потеря данных
C:\Users\Maxim\source\repos\Calendar2\Calendar2\main.cpp(266,39): warning C4244: аргумент: преобразование "int" в "float", возможна потеря данных
C:\Users\Maxim\source\repos\Calendar2\Calendar2\main.cpp(338,45): warning C4244: аргумент: преобразование "T" в "int", возможна потеря данных
C:\Users\Maxim\source\repos\Calendar2\Calendar2\main.cpp(338,45): warning C4244:         with
C:\Users\Maxim\source\repos\Calendar2\Calendar2\main.cpp(338,45): warning C4244:         [
C:\Users\Maxim\source\repos\Calendar2\Calendar2\main.cpp(338,45): warning C4244:             T=float
C:\Users\Maxim\source\repos\Calendar2\Calendar2\main.cpp(338,45): warning C4244:         ]
C:\Users\Maxim\source\repos\Calendar2\Calendar2\main.cpp(338,38): warning C4244: аргумент: преобразование "T" в "int", возможна потеря данных
C:\Users\Maxim\source\repos\Calendar2\Calendar2\main.cpp(338,38): warning C4244:         with
C:\Users\Maxim\source\repos\Calendar2\Calendar2\main.cpp(338,38): warning C4244:         [
C:\Users\Maxim\source\repos\Calendar2\Calendar2\main.cpp(338,38): warning C4244:             T=float
C:\Users\Maxim\source\repos\Calendar2\Calendar2\main.cpp(338,38): warning C4244:         ]
C:\Users\Maxim\source\repos\Calendar2\Calendar2\main.cpp(339,63): warning C4244: аргумент: преобразование "T" в "int", возможна потеря данных
C:\Users\Maxim\source\repos\Calendar2\Calendar2\main.cpp(339,63): warning C4244:         with
C:\Users\Maxim\source\repos\Calendar2\Calendar2\main.cpp(339,63): warning C4244:         [
C:\Users\Maxim\source\repos\Calendar2\Calendar2\main.cpp(339,63): warning C4244:             T=float
C:\Users\Maxim\source\repos\Calendar2\Calendar2\main.cpp(339,63): warning C4244:         ]
C:\Users\Maxim\source\repos\Calendar2\Calendar2\main.cpp(339,56): warning C4244: аргумент: преобразование "T" в "int", возможна потеря данных
C:\Users\Maxim\source\repos\Calendar2\Calendar2\main.cpp(339,56): warning C4244:         with
C:\Users\Maxim\source\repos\Calendar2\Calendar2\main.cpp(339,56): warning C4244:         [
C:\Users\Maxim\source\repos\Calendar2\Calendar2\main.cpp(339,56): warning C4244:             T=float
C:\Users\Maxim\source\repos\Calendar2\Calendar2\main.cpp(339,56): warning C4244:         ]
main.obj : error LNK2001: неразрешенный внешний символ ""__declspec(dllimport) public: static class sf::RenderStates const sf::RenderStates::Default" (__imp_?Default@RenderStates@sf@@2V12@B)"
main.obj : error LNK2001: неразрешенный внешний символ ""__declspec(dllimport) public: static class sf::Color const sf::Color::White" (__imp_?White@Color@sf@@2V12@B)"
main.obj : error LNK2001: неразрешенный внешний символ ""__declspec(dllimport) public: void __thiscall sf::Transformable::setPosition(float,float)" (__imp_?setPosition@Transformable@sf@@QAEXMM@Z)"
main.obj : error LNK2001: неразрешенный внешний символ ""__declspec(dllimport) public: bool __thiscall sf::Texture::loadFromFile(class std::basic_string<char,struct std::char_traits<char>,class std::allocator<char> > const &,class sf::Rect<int> const &)" (__imp_?loadFromFile@Texture@sf@@QAE_NABV?$basic_string@DU?$char_traits@D@std@@V?$allocator@D@2@@std@@ABV?$Rect@H@2@@Z)"
main.obj : error LNK2001: неразрешенный внешний символ ""__declspec(dllimport) public: __thiscall sf::Texture::~Texture(void)" (__imp_??1Texture@sf@@QAE@XZ)"
main.obj : error LNK2001: неразрешенный внешний символ ""__declspec(dllimport) public: __thiscall sf::Texture::Texture(void)" (__imp_??0Texture@sf@@QAE@XZ)"
main.obj : error LNK2001: неразрешенный внешний символ ""__declspec(dllimport) public: bool __thiscall sf::Font::loadFromFile(class std::basic_string<char,struct std::char_traits<char>,class std::allocator<char> > const &)" (__imp_?loadFromFile@Font@sf@@QAE_NABV?$basic_string@DU?$char_traits@D@std@@V?$allocator@D@2@@std@@@Z)"
main.obj : error LNK2001: неразрешенный внешний символ ""__declspec(dllimport) public: __thiscall sf::Font::~Font(void)" (__imp_??1Font@sf@@QAE@XZ)"
main.obj : error LNK2001: неразрешенный внешний символ ""__declspec(dllimport) public: __thiscall sf::Font::Font(void)" (__imp_??0Font@sf@@QAE@XZ)"
main.obj : error LNK2001: неразрешенный внешний символ ""__declspec(dllimport) class sf::String __cdecl sf::operator+(class sf::String const &,class sf::String const &)" (__imp_??Hsf@@YA?AVString@0@ABV10@0@Z)"
main.obj : error LNK2001: неразрешенный внешний символ ""__declspec(dllimport) public: virtual __thiscall sf::RenderWindow::~RenderWindow(void)" (__imp_??1RenderWindow@sf@@UAE@XZ)"
main.obj : error LNK2001: неразрешенный внешний символ ""__declspec(dllimport) public: __thiscall sf::RenderWindow::RenderWindow(class sf::VideoMode,class sf::String const &,unsigned int,struct sf::ContextSettings const &)" (__imp_??0RenderWindow@sf@@QAE@VVideoMode@1@ABVString@1@IABUContextSettings@1@@Z)"
main.obj : error LNK2001: неразрешенный внешний символ ""__declspec(dllimport) public: __thiscall sf::Color::Color(unsigned char,unsigned char,unsigned char,unsigned char)" (__imp_??0Color@sf@@QAE@EEEE@Z)"
main.obj : error LNK2001: неразрешенный внешний символ ""__declspec(dllimport) class sf::Time __cdecl sf::milliseconds(int)" (__imp_?milliseconds@sf@@YA?AVTime@1@H@Z)"
main.obj : error LNK2001: неразрешенный внешний символ ""__declspec(dllimport) public: static class sf::Color const sf::Color::Red" (__imp_?Red@Color@sf@@2V12@B)"
main.obj : error LNK2001: неразрешенный внешний символ ""__declspec(dllimport) public: static class sf::Color const sf::Color::Black" (__imp_?Black@Color@sf@@2V12@B)"
main.obj : error LNK2001: неразрешенный внешний символ ""__declspec(dllimport) void __cdecl sf::sleep(class sf::Time)" (__imp_?sleep@sf@@YAXVTime@1@@Z)"
main.obj : error LNK2001: неразрешенный внешний символ ""__declspec(dllimport) public: void __thiscall sf::Window::display(void)" (__imp_?display@Window@sf@@QAEXXZ)"
main.obj : error LNK2001: неразрешенный внешний символ ""__declspec(dllimport) public: bool __thiscall sf::Window::pollEvent(class sf::Event &)" (__imp_?pollEvent@Window@sf@@QAE_NAAVEvent@2@@Z)"
main.obj : error LNK2001: неразрешенный внешний символ ""__declspec(dllimport) public: bool __thiscall sf::Window::isOpen(void)const " (__imp_?isOpen@Window@sf@@QBE_NXZ)"
main.obj : error LNK2001: неразрешенный внешний символ ""__declspec(dllimport) public: void __thiscall sf::Window::close(void)" (__imp_?close@Window@sf@@QAEXXZ)"
main.obj : error LNK2001: неразрешенный внешний символ ""__declspec(dllimport) public: static class sf::Color const sf::Color::Green" (__imp_?Green@Color@sf@@2V12@B)"
main.obj : error LNK2001: неразрешенный внешний символ ""__declspec(dllimport) public: void __thiscall sf::RenderTarget::draw(class sf::Drawable const &,class sf::RenderStates const &)" (__imp_?draw@RenderTarget@sf@@QAEXABVDrawable@2@ABVRenderStates@2@@Z)"
main.obj : error LNK2001: неразрешенный внешний символ ""__declspec(dllimport) public: class sf::Vector2<float> __thiscall sf::RenderTarget::mapPixelToCoords(class sf::Vector2<int> const &)const " (__imp_?mapPixelToCoords@RenderTarget@sf@@QBE?AV?$Vector2@M@2@ABV?$Vector2@H@2@@Z)"
main.obj : error LNK2001: неразрешенный внешний символ ""__declspec(dllimport) public: void __thiscall sf::RenderTarget::clear(class sf::Color const &)" (__imp_?clear@RenderTarget@sf@@QAEXABVColor@2@@Z)"
    Указание на символы, которые определены и могут подойти:
      "__declspec(dllimport) public: void __thiscall std::basic_ios<char,struct std::char_traits<char> >::clear(int,bool)" (__imp_?clear@?$basic_ios@DU?$char_traits@D@std@@@std@@QAEXH_N@Z)
main.obj : error LNK2001: неразрешенный внешний символ ""__declspec(dllimport) public: void __thiscall sf::Shape::setOutlineThickness(float)" (__imp_?setOutlineThickness@Shape@sf@@QAEXM@Z)"
main.obj : error LNK2001: неразрешенный внешний символ ""__declspec(dllimport) public: void __thiscall sf::Shape::setOutlineColor(class sf::Color const &)" (__imp_?setOutlineColor@Shape@sf@@QAEXABVColor@2@@Z)"
main.obj : error LNK2001: неразрешенный внешний символ ""__declspec(dllimport) public: void __thiscall sf::Shape::setFillColor(class sf::Color const &)" (__imp_?setFillColor@Shape@sf@@QAEXABVColor@2@@Z)"
main.obj : error LNK2001: неразрешенный внешний символ ""__declspec(dllimport) public: __thiscall sf::String::String(char const *,class std::locale const &)" (__imp_??0String@sf@@QAE@PBDABVlocale@std@@@Z)"
main.obj : error LNK2001: неразрешенный внешний символ ""__declspec(dllimport) public: __thiscall sf::String::String(class std::basic_string<char,struct std::char_traits<char>,class std::allocator<char> > const &,class std::locale const &)" (__imp_??0String@sf@@QAE@ABV?$basic_string@DU?$char_traits@D@std@@V?$allocator@D@2@@std@@ABVlocale@3@@Z)"
main.obj : error LNK2001: неразрешенный внешний символ ""__declspec(dllimport) public: __thiscall sf::String::String(wchar_t const *)" (__imp_??0String@sf@@QAE@PB_W@Z)"
main.obj : error LNK2001: неразрешенный внешний символ ""__declspec(dllimport) public: void __thiscall sf::RectangleShape::setSize(class sf::Vector2<float> const &)" (__imp_?setSize@RectangleShape@sf@@QAEXABV?$Vector2@M@2@@Z)"
main.obj : error LNK2001: неразрешенный внешний символ ""__declspec(dllimport) public: __thiscall sf::RectangleShape::RectangleShape(class sf::Vector2<float> const &)" (__imp_??0RectangleShape@sf@@QAE@ABV?$Vector2@M@1@@Z)"
main.obj : error LNK2001: неразрешенный внешний символ ""__declspec(dllimport) public: __thiscall sf::VideoMode::VideoMode(unsigned int,unsigned int,unsigned int)" (__imp_??0VideoMode@sf@@QAE@III@Z)"
main.obj : error LNK2001: неразрешенный внешний символ ""__declspec(dllimport) public: class sf::Rect<float> __thiscall sf::Sprite::getGlobalBounds(void)const " (__imp_?getGlobalBounds@Sprite@sf@@QBE?AV?$Rect@M@2@XZ)"
main.obj : error LNK2001: неразрешенный внешний символ ""__declspec(dllimport) public: void __thiscall sf::Sprite::setTexture(class sf::Texture const &,bool)" (__imp_?setTexture@Sprite@sf@@QAEXABVTexture@2@_N@Z)"
main.obj : error LNK2001: неразрешенный внешний символ ""__declspec(dllimport) public: __thiscall sf::Sprite::Sprite(void)" (__imp_??0Sprite@sf@@QAE@XZ)"
main.obj : error LNK2001: неразрешенный внешний символ ""__declspec(dllimport) public: void __thiscall sf::Text::setFillColor(class sf::Color const &)" (__imp_?setFillColor@Text@sf@@QAEXABVColor@2@@Z)"
main.obj : error LNK2001: неразрешенный внешний символ ""__declspec(dllimport) public: void __thiscall sf::Text::setStyle(unsigned int)" (__imp_?setStyle@Text@sf@@QAEXI@Z)"
main.obj : error LNK2001: неразрешенный внешний символ ""__declspec(dllimport) public: void __thiscall sf::Text::setCharacterSize(unsigned int)" (__imp_?setCharacterSize@Text@sf@@QAEXI@Z)"
main.obj : error LNK2001: неразрешенный внешний символ ""__declspec(dllimport) public: void __thiscall sf::Text::setFont(class sf::Font const &)" (__imp_?setFont@Text@sf@@QAEXABVFont@2@@Z)"
main.obj : error LNK2001: неразрешенный внешний символ ""__declspec(dllimport) public: void __thiscall sf::Text::setString(class sf::String const &)" (__imp_?setString@Text@sf@@QAEXABVString@2@@Z)"
main.obj : error LNK2001: неразрешенный внешний символ ""__declspec(dllimport) public: __thiscall sf::Text::Text(void)" (__imp_??0Text@sf@@QAE@XZ)"
main.obj : error LNK2001: неразрешенный внешний символ ""__declspec(dllimport) public: static class sf::Vector2<int> __cdecl sf::Mouse::getPosition(class sf::Window const &)" (__imp_?getPosition@Mouse@sf@@SA?AV?$Vector2@H@2@ABVWindow@2@@Z)"
main.obj : error LNK2001: неразрешенный внешний символ ""__declspec(dllimport) public: __thiscall sf::RectangleShape::RectangleShape(class sf::RectangleShape const &)" (__imp_??0RectangleShape@sf@@QAE@ABV01@@Z)"
main.obj : error LNK2001: неразрешенный внешний символ ""__declspec(dllimport) public: virtual __thiscall sf::RectangleShape::~RectangleShape(void)" (__imp_??1RectangleShape@sf@@UAE@XZ)"
main.obj : error LNK2001: неразрешенный внешний символ ""__declspec(dllimport) public: __thiscall sf::Text::Text(class sf::Text const &)" (__imp_??0Text@sf@@QAE@ABV01@@Z)"
main.obj : error LNK2001: неразрешенный внешний символ ""__declspec(dllimport) public: virtual __thiscall sf::Text::~Text(void)" (__imp_??1Text@sf@@UAE@XZ)"
main.obj : error LNK2001: неразрешенный внешний символ ""__declspec(dllimport) public: virtual __thiscall sf::Sprite::~Sprite(void)" (__imp_??1Sprite@sf@@UAE@XZ)"
main.obj : error LNK2001: неразрешенный внешний символ ""__declspec(dllimport) public: __thiscall sf::String::~String(void)" (__imp_??1String@sf@@QAE@XZ)"
C:\Users\Maxim\source\repos\Calendar2\Release\Calendar2.exe : fatal error LNK1120: неразрешенных внешних элементов: 50
