  main.cpp
C:\Users\Maxim\Desktop\Calendar_My_SFML\Calendar2\main.cpp(7,10): warning C4067: непредвиденные лексемы за директивой препроцессора, требуется newline
C:\Users\Maxim\Desktop\Calendar_My_SFML\Calendar2\main.cpp(8,10): warning C4067: непредвиденные лексемы за директивой препроцессора, требуется newline
C:\Users\Maxim\Desktop\Calendar_My_SFML\Calendar2\main.cpp(23,10): warning C4067: непредвиденные лексемы за директивой препроцессора, требуется newline
C:\Users\Maxim\Desktop\Calendar_My_SFML\Calendar2\FormSFML.h(30,32): warning C4244: аргумент: преобразование "double" в "float", возможна потеря данных
C:\Users\Maxim\Desktop\Calendar_My_SFML\Calendar2\FormSFML.h(30,29): warning C4244: аргумент: преобразование "double" в "float", возможна потеря данных
C:\Users\Maxim\Desktop\Calendar_My_SFML\Calendar2\FormSFML.h(57,32): warning C4244: аргумент: преобразование "double" в "float", возможна потеря данных
C:\Users\Maxim\Desktop\Calendar_My_SFML\Calendar2\FormSFML.h(57,29): warning C4244: аргумент: преобразование "double" в "float", возможна потеря данных
C:\Users\Maxim\Desktop\Calendar_My_SFML\Calendar2\FormSFML.h(59,41): warning C4244: аргумент: преобразование "double" в "T", возможна потеря данных
          with
          [
              T=float
          ]
C:\Users\Maxim\Desktop\Calendar_My_SFML\Calendar2\FormSFML.h(59,34): warning C4244: аргумент: преобразование "double" в "T", возможна потеря данных
          with
          [
              T=float
          ]
C:\Users\Maxim\Desktop\Calendar_My_SFML\Calendar2\FormSFML.h(60,32): warning C4244: аргумент: преобразование "double" в "float", возможна потеря данных
C:\Users\Maxim\Desktop\Calendar_My_SFML\Calendar2\FormSFML.h(60,29): warning C4244: аргумент: преобразование "double" в "float", возможна потеря данных
C:\Users\Maxim\Desktop\Calendar_My_SFML\Calendar2\FormSFML.h(106,32): warning C4244: аргумент: преобразование "double" в "float", возможна потеря данных
C:\Users\Maxim\Desktop\Calendar_My_SFML\Calendar2\FormSFML.h(106,29): warning C4244: аргумент: преобразование "double" в "float", возможна потеря данных
C:\Users\Maxim\Desktop\Calendar_My_SFML\Calendar2\FormSFML.h(108,41): warning C4244: аргумент: преобразование "double" в "T", возможна потеря данных
          with
          [
              T=float
          ]
C:\Users\Maxim\Desktop\Calendar_My_SFML\Calendar2\FormSFML.h(108,34): warning C4244: аргумент: преобразование "double" в "T", возможна потеря данных
          with
          [
              T=float
          ]
C:\Users\Maxim\Desktop\Calendar_My_SFML\Calendar2\FormSFML.h(109,32): warning C4244: аргумент: преобразование "double" в "float", возможна потеря данных
C:\Users\Maxim\Desktop\Calendar_My_SFML\Calendar2\FormSFML.h(109,29): warning C4244: аргумент: преобразование "double" в "float", возможна потеря данных
C:\Users\Maxim\Desktop\Calendar_My_SFML\Calendar2\Note.h(8,10): warning C4067: непредвиденные лексемы за директивой препроцессора, требуется newline
C:\Users\Maxim\Desktop\Calendar_My_SFML\Calendar2\safe_notepad.h(2,10): warning C4067: непредвиденные лексемы за директивой препроцессора, требуется newline
C:\Users\Maxim\Desktop\Calendar_My_SFML\Calendar2\safe_notepad.h(3,10): warning C4067: непредвиденные лексемы за директивой препроцессора, требуется newline
C:\Users\Maxim\Desktop\Calendar_My_SFML\Calendar2\main.cpp(24,10): warning C4067: непредвиденные лексемы за директивой препроцессора, требуется newline
C:\Users\Maxim\Desktop\Calendar_My_SFML\Calendar2\List_of_note.h(130,31): warning C4018: <=: несоответствие типов со знаком и без знака
C:\Users\Maxim\Desktop\Calendar_My_SFML\Calendar2\List_of_note.h(142,52): warning C4244: аргумент: преобразование "int" в "float", возможна потеря данных
C:\Users\Maxim\Desktop\Calendar_My_SFML\Calendar2\List_of_note.h(148,52): warning C4244: аргумент: преобразование "int" в "float", возможна потеря данных
C:\Users\Maxim\Desktop\Calendar_My_SFML\Calendar2\List_of_note.h(44,7): warning C4102: sf: неиспользованная метка
C:\Users\Maxim\Desktop\Calendar_My_SFML\Calendar2\main.cpp(70,91): warning C4244: аргумент: преобразование "int" в "float", возможна потеря данных
C:\Users\Maxim\Desktop\Calendar_My_SFML\Calendar2\main.cpp(70,58): warning C4244: аргумент: преобразование "int" в "float", возможна потеря данных
C:\Users\Maxim\Desktop\Calendar_My_SFML\Calendar2\main.cpp(89,25): warning C4018: <: несоответствие типов со знаком и без знака
C:\Users\Maxim\Desktop\Calendar_My_SFML\Calendar2\main.cpp(223,33): warning C4244: аргумент: преобразование "int" в "float", возможна потеря данных
C:\Users\Maxim\Desktop\Calendar_My_SFML\Calendar2\main.cpp(266,43): warning C4244: аргумент: преобразование "int" в "float", возможна потеря данных
C:\Users\Maxim\Desktop\Calendar_My_SFML\Calendar2\main.cpp(266,39): warning C4244: аргумент: преобразование "int" в "float", возможна потеря данных
C:\Users\Maxim\Desktop\Calendar_My_SFML\Calendar2\main.cpp(338,45): warning C4244: аргумент: преобразование "T" в "int", возможна потеря данных
          with
          [
              T=float
          ]
C:\Users\Maxim\Desktop\Calendar_My_SFML\Calendar2\main.cpp(338,38): warning C4244: аргумент: преобразование "T" в "int", возможна потеря данных
          with
          [
              T=float
          ]
C:\Users\Maxim\Desktop\Calendar_My_SFML\Calendar2\main.cpp(339,63): warning C4244: аргумент: преобразование "T" в "int", возможна потеря данных
          with
          [
              T=float
          ]
C:\Users\Maxim\Desktop\Calendar_My_SFML\Calendar2\main.cpp(339,56): warning C4244: аргумент: преобразование "T" в "int", возможна потеря данных
          with
          [
              T=float
          ]
  Calendar2.vcxproj -> C:\Users\Maxim\Desktop\Calendar_My_SFML\Debug\Calendar2.exe
